[2024-06-06 18:43:25,952]:WARNING: 224  * Debugger is active!
[2024-06-06 18:43:25,952]:WARNING: 224  * Debugger is active!
[2024-06-06 18:43:25,959]:INFO: 224  * Debugger PIN: 217-397-339
[2024-06-06 18:43:25,959]:INFO: 224  * Debugger PIN: 217-397-339
[2024-06-06 18:43:39,812]:INFO: 224 127.0.0.1 - - [06/Jun/2024 18:43:39] "POST /home HTTP/1.1" 200 -
[2024-06-06 18:43:55,073]:INFO: 224  * Detected change in '/Users/basitarif/Documents/ML-Projectgit/ML-Project/app.py', reloading
[2024-06-06 18:43:55,073]:INFO: 224  * Detected change in '/Users/basitarif/Documents/ML-Projectgit/ML-Project/app.py', reloading
[2024-06-06 18:43:56,902]:WARNING: 224  * Debugger is active!
[2024-06-06 18:43:56,909]:INFO: 224  * Debugger PIN: 217-397-339
[2024-06-06 18:43:56,910]:WARNING: 224  * Debugger is active!
[2024-06-06 18:43:56,919]:INFO: 224  * Debugger PIN: 217-397-339
[2024-06-06 18:44:02,133]:INFO: 224  * Detected change in '/Users/basitarif/Documents/ML-Projectgit/ML-Project/src/pipeline/predict_pipeline.py', reloading
[2024-06-06 18:44:02,133]:INFO: 224  * Detected change in '/Users/basitarif/Documents/ML-Projectgit/ML-Project/src/pipeline/predict_pipeline.py', reloading
[2024-06-06 18:44:03,831]:WARNING: 224  * Debugger is active!
[2024-06-06 18:44:03,837]:INFO: 224  * Debugger PIN: 217-397-339
[2024-06-06 18:44:03,841]:WARNING: 224  * Debugger is active!
[2024-06-06 18:44:03,847]:INFO: 224  * Debugger PIN: 217-397-339
[2024-06-06 18:45:10,770]:INFO: 224  * Detected change in '/Users/basitarif/Documents/ML-Projectgit/ML-Project/src/pipeline/predict_pipeline.py', reloading
[2024-06-06 18:45:10,770]:INFO: 224  * Detected change in '/Users/basitarif/Documents/ML-Projectgit/ML-Project/src/pipeline/predict_pipeline.py', reloading
[2024-06-06 18:45:12,495]:WARNING: 224  * Debugger is active!
[2024-06-06 18:45:12,502]:INFO: 224  * Debugger PIN: 217-397-339
[2024-06-06 18:45:12,508]:WARNING: 224  * Debugger is active!
[2024-06-06 18:45:12,514]:INFO: 224  * Debugger PIN: 217-397-339
[2024-06-06 18:45:21,522]:INFO: 224 127.0.0.1 - - [06/Jun/2024 18:45:21] "POST /home HTTP/1.1" 200 -
[2024-06-06 18:45:32,426]:INFO: 224 127.0.0.1 - - [06/Jun/2024 18:45:32] "POST /home HTTP/1.1" 200 -
[2024-06-06 18:45:41,021]:INFO: 224  * Detected change in '/Users/basitarif/Documents/ML-Projectgit/ML-Project/app.py', reloading
[2024-06-06 18:45:41,022]:INFO: 224  * Detected change in '/Users/basitarif/Documents/ML-Projectgit/ML-Project/app.py', reloading
[2024-06-06 18:45:42,836]:WARNING: 224  * Debugger is active!
[2024-06-06 18:45:42,836]:WARNING: 224  * Debugger is active!
[2024-06-06 18:45:42,843]:INFO: 224  * Debugger PIN: 217-397-339
[2024-06-06 18:45:42,843]:INFO: 224  * Debugger PIN: 217-397-339
[2024-06-06 18:46:12,149]:INFO: 224  * Detected change in '/Users/basitarif/Documents/ML-Projectgit/ML-Project/src/pipeline/predict_pipeline.py', reloading
[2024-06-06 18:46:12,149]:INFO: 224  * Detected change in '/Users/basitarif/Documents/ML-Projectgit/ML-Project/src/pipeline/predict_pipeline.py', reloading
